<?xml version="1.0" encoding="UTF-8"?>
<!-- Generated by org.testng.reporters.JUnitXMLReporter -->
<testsuite hostname="LAPTOP-6DU6QUJB" ignored="0" name="Test" tests="3" failures="0" timestamp="2021-04-28T17:28:55 IST" time="6.779" errors="0">
  <testcase name="confirmAlertTestCase" time="0.125" classname="testNGTests.Activity9"/>
  <testcase name="promptAlertTestCase" time="0.124" classname="testNGTests.Activity9"/>
  <testcase name="simpleAlertTestCase" time="0.102" classname="testNGTests.Activity9"/>
</testsuite> <!-- Test -->
